Build started 11/13/2018 10:05:30 PM.
     1>Project "C:\Users\Fariha Anjum\Documents\Visual Studio 2012\Projects\UP AND UP\UP AND UP\UP AND UP.vcxproj" on node 2 (Build target(s)).
     1>ClCompile:
         C:\Program Files (x86)\VC\bin\CL.exe /c /ZI /nologo /W3 /WX- /Od /Oy- /D WIN32 /D _DEBUG /D _CONSOLE /Gm /EHsc /RTC1 /MDd /GS /fp:precise /Zc:wchar_t /Zc:forScope /Fo"Debug\\" /Fd"Debug\vc110.pdb" /Gd /TP /analyze- /errorReport:prompt "UP AND UP.cpp"
         UP AND UP.cpp
     1>c:\users\fariha anjum\documents\visual studio 2012\projects\up and up\up and up\up and up.cpp(35): warning C4996: 'fopen': This function or variable may be unsafe. Consider using fopen_s instead. To disable deprecation, use _CRT_SECURE_NO_WARNINGS. See online help for details.
                 c:\program files (x86)\vc\include\stdio.h(218) : see declaration of 'fopen'
     1>c:\users\fariha anjum\documents\visual studio 2012\projects\up and up\up and up\up and up.cpp(38): warning C4996: 'fscanf': This function or variable may be unsafe. Consider using fscanf_s instead. To disable deprecation, use _CRT_SECURE_NO_WARNINGS. See online help for details.
                 c:\program files (x86)\vc\include\stdio.h(237) : see declaration of 'fscanf'
     1>c:\users\fariha anjum\documents\visual studio 2012\projects\up and up\up and up\up and up.cpp(283): warning C4996: 'fopen': This function or variable may be unsafe. Consider using fopen_s instead. To disable deprecation, use _CRT_SECURE_NO_WARNINGS. See online help for details.
                 c:\program files (x86)\vc\include\stdio.h(218) : see declaration of 'fopen'
     1>c:\users\fariha anjum\documents\visual studio 2012\projects\up and up\up and up\up and up.cpp(437): warning C4996: 'itoa': The POSIX name for this item is deprecated. Instead, use the ISO C++ conformant name: _itoa. See online help for details.
                 c:\program files (x86)\vc\include\stdlib.h(909) : see declaration of 'itoa'
     1>c:\users\fariha anjum\documents\visual studio 2012\projects\up and up\up and up\up and up.cpp(521): warning C4996: 'itoa': The POSIX name for this item is deprecated. Instead, use the ISO C++ conformant name: _itoa. See online help for details.
                 c:\program files (x86)\vc\include\stdlib.h(909) : see declaration of 'itoa'
       Link:
         C:\Program Files (x86)\VC\bin\link.exe /ERRORREPORT:PROMPT /OUT:"C:\Users\Fariha Anjum\Documents\Visual Studio 2012\Projects\UP AND UP\Debug\UP AND UP.exe" /INCREMENTAL /NOLOGO kernel32.lib user32.lib gdi32.lib winspool.lib comdlg32.lib advapi32.lib shell32.lib ole32.lib oleaut32.lib uuid.lib odbc32.lib odbccp32.lib /MANIFEST /MANIFESTUAC:"level='asInvoker' uiAccess='false'" /manifest:embed /DEBUG /PDB:"C:\Users\Fariha Anjum\Documents\Visual Studio 2012\Projects\UP AND UP\Debug\UP AND UP.pdb" /SUBSYSTEM:CONSOLE /TLBID:1 /DYNAMICBASE /NXCOMPAT /IMPLIB:"C:\Users\Fariha Anjum\Documents\Visual Studio 2012\Projects\UP AND UP\Debug\UP AND UP.lib" /MACHINE:X86 Debug\stdafx.obj
         "Debug\UP AND UP.obj"
         UP AND UP.vcxproj -> C:\Users\Fariha Anjum\Documents\Visual Studio 2012\Projects\UP AND UP\Debug\UP AND UP.exe
     1>Done Building Project "C:\Users\Fariha Anjum\Documents\Visual Studio 2012\Projects\UP AND UP\UP AND UP\UP AND UP.vcxproj" (Build target(s)).

Build succeeded.

Time Elapsed 00:00:02.84
